Listening on 0.0.0.0:3000
Error: Not found: /login
    at resolve (file:///var/www/html/cheong-in.com/build/server/index.js:3909:18)
    at resolve (file:///var/www/html/cheong-in.com/build/server/index.js:3748:34)
    at #options.hooks.handle (file:///var/www/html/cheong-in.com/build/server/index.js:3975:61)
    at respond (file:///var/www/html/cheong-in.com/build/server/index.js:3746:43)
Error: Not found: /login
    at resolve (file:///var/www/html/cheong-in.com/build/server/index.js:3909:18)
    at resolve (file:///var/www/html/cheong-in.com/build/server/index.js:3748:34)
    at #options.hooks.handle (file:///var/www/html/cheong-in.com/build/server/index.js:3975:61)
    at respond (file:///var/www/html/cheong-in.com/build/server/index.js:3746:43)
Error: Not found: /login
    at resolve (file:///var/www/html/cheong-in.com/build/server/index.js:3909:18)
    at resolve (file:///var/www/html/cheong-in.com/build/server/index.js:3748:34)
    at #options.hooks.handle (file:///var/www/html/cheong-in.com/build/server/index.js:3975:61)
    at respond (file:///var/www/html/cheong-in.com/build/server/index.js:3746:43)
Listening on 0.0.0.0:3000
Listening on 0.0.0.0:3001
Error: Not found: /login
    at resolve (file:///var/www/html/cheong-in.com/build/server/index.js:3909:18)
    at resolve (file:///var/www/html/cheong-in.com/build/server/index.js:3748:34)
    at #options.hooks.handle (file:///var/www/html/cheong-in.com/build/server/index.js:3975:61)
    at respond (file:///var/www/html/cheong-in.com/build/server/index.js:3746:43)
Error: Not found: /login
    at resolve (file:///var/www/html/cheong-in.com/build/server/index.js:3909:18)
    at resolve (file:///var/www/html/cheong-in.com/build/server/index.js:3748:34)
    at #options.hooks.handle (file:///var/www/html/cheong-in.com/build/server/index.js:3975:61)
    at respond (file:///var/www/html/cheong-in.com/build/server/index.js:3746:43)
Error: Not found: /login
    at resolve (file:///var/www/html/cheong-in.com/build/server/index.js:3909:18)
    at resolve (file:///var/www/html/cheong-in.com/build/server/index.js:3748:34)
    at #options.hooks.handle (file:///var/www/html/cheong-in.com/build/server/index.js:3975:61)
    at respond (file:///var/www/html/cheong-in.com/build/server/index.js:3746:43)
Error [ERR_MODULE_NOT_FOUND]: Cannot find package 'crypto-js' imported from /var/www/html/admin.cheong-in.com/build/server/chunks/_page.svelte-2040f386.js
    at new NodeError (node:internal/errors:400:5)
    at packageResolve (node:internal/modules/esm/resolve:889:9)
    at moduleResolve (node:internal/modules/esm/resolve:938:20)
    at defaultResolve (node:internal/modules/esm/resolve:1153:11)
    at nextResolve (node:internal/modules/esm/loader:163:28)
    at ESMLoader.resolve (node:internal/modules/esm/loader:842:30)
    at ESMLoader.getModuleJob (node:internal/modules/esm/loader:424:18)
    at ModuleWrap.<anonymous> (node:internal/modules/esm/module_job:77:40)
    at link (node:internal/modules/esm/module_job:76:36) {
  code: 'ERR_MODULE_NOT_FOUND'
}
Error [ERR_MODULE_NOT_FOUND]: Cannot find package 'crypto-js' imported from /var/www/html/admin.cheong-in.com/build/server/chunks/_page.svelte-2040f386.js
    at new NodeError (node:internal/errors:400:5)
    at packageResolve (node:internal/modules/esm/resolve:889:9)
    at moduleResolve (node:internal/modules/esm/resolve:938:20)
    at defaultResolve (node:internal/modules/esm/resolve:1153:11)
    at nextResolve (node:internal/modules/esm/loader:163:28)
    at ESMLoader.resolve (node:internal/modules/esm/loader:842:30)
    at ESMLoader.getModuleJob (node:internal/modules/esm/loader:424:18)
    at ModuleWrap.<anonymous> (node:internal/modules/esm/module_job:77:40)
    at link (node:internal/modules/esm/module_job:76:36) {
  code: 'ERR_MODULE_NOT_FOUND'
}
Error [ERR_MODULE_NOT_FOUND]: Cannot find package 'crypto-js' imported from /var/www/html/admin.cheong-in.com/build/server/chunks/_page.svelte-2040f386.js
    at new NodeError (node:internal/errors:400:5)
    at packageResolve (node:internal/modules/esm/resolve:889:9)
    at moduleResolve (node:internal/modules/esm/resolve:938:20)
    at defaultResolve (node:internal/modules/esm/resolve:1153:11)
    at nextResolve (node:internal/modules/esm/loader:163:28)
    at ESMLoader.resolve (node:internal/modules/esm/loader:842:30)
    at ESMLoader.getModuleJob (node:internal/modules/esm/loader:424:18)
    at ModuleWrap.<anonymous> (node:internal/modules/esm/module_job:77:40)
    at link (node:internal/modules/esm/module_job:76:36) {
  code: 'ERR_MODULE_NOT_FOUND'
}
Error [ERR_MODULE_NOT_FOUND]: Cannot find package 'crypto-js' imported from /var/www/html/admin.cheong-in.com/build/server/chunks/_page.svelte-2040f386.js
    at new NodeError (node:internal/errors:400:5)
    at packageResolve (node:internal/modules/esm/resolve:889:9)
    at moduleResolve (node:internal/modules/esm/resolve:938:20)
    at defaultResolve (node:internal/modules/esm/resolve:1153:11)
    at nextResolve (node:internal/modules/esm/loader:163:28)
    at ESMLoader.resolve (node:internal/modules/esm/loader:842:30)
    at ESMLoader.getModuleJob (node:internal/modules/esm/loader:424:18)
    at ModuleWrap.<anonymous> (node:internal/modules/esm/module_job:77:40)
    at link (node:internal/modules/esm/module_job:76:36) {
  code: 'ERR_MODULE_NOT_FOUND'
}
Error [ERR_MODULE_NOT_FOUND]: Cannot find package 'crypto-js' imported from /var/www/html/admin.cheong-in.com/build/server/chunks/_page.svelte-2040f386.js
    at new NodeError (node:internal/errors:400:5)
    at packageResolve (node:internal/modules/esm/resolve:889:9)
    at moduleResolve (node:internal/modules/esm/resolve:938:20)
    at defaultResolve (node:internal/modules/esm/resolve:1153:11)
    at nextResolve (node:internal/modules/esm/loader:163:28)
    at ESMLoader.resolve (node:internal/modules/esm/loader:842:30)
    at ESMLoader.getModuleJob (node:internal/modules/esm/loader:424:18)
    at ModuleWrap.<anonymous> (node:internal/modules/esm/module_job:77:40)
    at link (node:internal/modules/esm/module_job:76:36) {
  code: 'ERR_MODULE_NOT_FOUND'
}
Error: Not found: /login
    at resolve (file:///var/www/html/cheong-in.com/build/server/index.js:3909:18)
    at resolve (file:///var/www/html/cheong-in.com/build/server/index.js:3748:34)
    at #options.hooks.handle (file:///var/www/html/cheong-in.com/build/server/index.js:3975:61)
    at respond (file:///var/www/html/cheong-in.com/build/server/index.js:3746:43)
Listening on 0.0.0.0:3000
Listening on 0.0.0.0:3001
Error: Not found: /login
    at resolve (file:///var/www/html/cheong-in.com/build/server/index.js:3909:18)
    at resolve (file:///var/www/html/cheong-in.com/build/server/index.js:3748:34)
    at #options.hooks.handle (file:///var/www/html/cheong-in.com/build/server/index.js:3975:61)
    at respond (file:///var/www/html/cheong-in.com/build/server/index.js:3746:43)
Error: Not found: /login
    at resolve (file:///var/www/html/cheong-in.com/build/server/index.js:3909:18)
    at resolve (file:///var/www/html/cheong-in.com/build/server/index.js:3748:34)
    at #options.hooks.handle (file:///var/www/html/cheong-in.com/build/server/index.js:3975:61)
    at respond (file:///var/www/html/cheong-in.com/build/server/index.js:3746:43)
Error: Not found: /login
    at resolve (file:///var/www/html/cheong-in.com/build/server/index.js:3909:18)
    at resolve (file:///var/www/html/cheong-in.com/build/server/index.js:3748:34)
    at #options.hooks.handle (file:///var/www/html/cheong-in.com/build/server/index.js:3975:61)
    at respond (file:///var/www/html/cheong-in.com/build/server/index.js:3746:43)
Error: Not found: /login
    at resolve (file:///var/www/html/cheong-in.com/build/server/index.js:3909:18)
    at resolve (file:///var/www/html/cheong-in.com/build/server/index.js:3748:34)
    at #options.hooks.handle (file:///var/www/html/cheong-in.com/build/server/index.js:3975:61)
    at respond (file:///var/www/html/cheong-in.com/build/server/index.js:3746:43)
Listening on 0.0.0.0:3000
Error: connect ECONNREFUSED ::1:3306
    at Object.createConnection (/var/www/html/cheong-in.com/node_modules/mysql2/promise.js:253:31)
    at POST (file:///var/www/html/cheong-in.com/build/server/chunks/_server-d7c07602.js:10:26)
    at render_endpoint (file:///var/www/html/cheong-in.com/build/server/index.js:1496:26)
    at resolve (file:///var/www/html/cheong-in.com/build/server/index.js:3857:28)
    at async respond (file:///var/www/html/cheong-in.com/build/server/index.js:3746:22)
    at async Array.ssr (file:///var/www/html/cheong-in.com/build/handler.js:1221:3) {
  code: 'ECONNREFUSED',
  errno: -111,
  sqlState: undefined
}
Error: connect ECONNREFUSED ::1:3306
    at Object.createConnection (/var/www/html/cheong-in.com/node_modules/mysql2/promise.js:253:31)
    at POST (file:///var/www/html/cheong-in.com/build/server/chunks/_server-d7c07602.js:10:26)
    at render_endpoint (file:///var/www/html/cheong-in.com/build/server/index.js:1496:26)
    at resolve (file:///var/www/html/cheong-in.com/build/server/index.js:3857:28)
    at process.processTicksAndRejections (node:internal/process/task_queues:95:5)
    at async respond (file:///var/www/html/cheong-in.com/build/server/index.js:3746:22)
    at async Array.ssr (file:///var/www/html/cheong-in.com/build/handler.js:1221:3) {
  code: 'ECONNREFUSED',
  errno: -111,
  sqlState: undefined
}
Error: connect ECONNREFUSED ::1:3306
    at Object.createConnection (/var/www/html/cheong-in.com/node_modules/mysql2/promise.js:253:31)
    at POST (file:///var/www/html/cheong-in.com/build/server/chunks/_server-d7c07602.js:10:26)
    at render_endpoint (file:///var/www/html/cheong-in.com/build/server/index.js:1496:26)
    at resolve (file:///var/www/html/cheong-in.com/build/server/index.js:3857:28)
    at process.processTicksAndRejections (node:internal/process/task_queues:95:5)
    at async respond (file:///var/www/html/cheong-in.com/build/server/index.js:3746:22)
    at async Array.ssr (file:///var/www/html/cheong-in.com/build/handler.js:1221:3) {
  code: 'ECONNREFUSED',
  errno: -111,
  sqlState: undefined
}
Error: connect ECONNREFUSED ::1:3306
    at Object.createConnection (/var/www/html/cheong-in.com/node_modules/mysql2/promise.js:253:31)
    at POST (file:///var/www/html/cheong-in.com/build/server/chunks/_server-d7c07602.js:10:26)
    at render_endpoint (file:///var/www/html/cheong-in.com/build/server/index.js:1496:26)
    at resolve (file:///var/www/html/cheong-in.com/build/server/index.js:3857:28)
    at process.processTicksAndRejections (node:internal/process/task_queues:95:5)
    at async respond (file:///var/www/html/cheong-in.com/build/server/index.js:3746:22)
    at async Array.ssr (file:///var/www/html/cheong-in.com/build/handler.js:1221:3) {
  code: 'ECONNREFUSED',
  errno: -111,
  sqlState: undefined
}
Error: connect ECONNREFUSED ::1:3306
    at Object.createConnection (/var/www/html/cheong-in.com/node_modules/mysql2/promise.js:253:31)
    at POST (file:///var/www/html/cheong-in.com/build/server/chunks/_server-d7c07602.js:10:26)
    at render_endpoint (file:///var/www/html/cheong-in.com/build/server/index.js:1496:26)
    at resolve (file:///var/www/html/cheong-in.com/build/server/index.js:3857:28)
    at process.processTicksAndRejections (node:internal/process/task_queues:95:5)
    at async respond (file:///var/www/html/cheong-in.com/build/server/index.js:3746:22)
    at async Array.ssr (file:///var/www/html/cheong-in.com/build/handler.js:1221:3) {
  code: 'ECONNREFUSED',
  errno: -111,
  sqlState: undefined
}
Error: connect ECONNREFUSED ::1:3306
    at Object.createConnection (/var/www/html/cheong-in.com/node_modules/mysql2/promise.js:253:31)
    at POST (file:///var/www/html/cheong-in.com/build/server/chunks/_server-d7c07602.js:10:26)
    at render_endpoint (file:///var/www/html/cheong-in.com/build/server/index.js:1496:26)
    at resolve (file:///var/www/html/cheong-in.com/build/server/index.js:3857:28)
    at process.processTicksAndRejections (node:internal/process/task_queues:95:5)
    at async respond (file:///var/www/html/cheong-in.com/build/server/index.js:3746:22)
    at async Array.ssr (file:///var/www/html/cheong-in.com/build/handler.js:1221:3) {
  code: 'ECONNREFUSED',
  errno: -111,
  sqlState: undefined
}
Error: connect ECONNREFUSED ::1:3306
    at Object.createConnection (/var/www/html/cheong-in.com/node_modules/mysql2/promise.js:253:31)
    at POST (file:///var/www/html/cheong-in.com/build/server/chunks/_server-d7c07602.js:10:26)
    at render_endpoint (file:///var/www/html/cheong-in.com/build/server/index.js:1496:26)
    at resolve (file:///var/www/html/cheong-in.com/build/server/index.js:3857:28)
    at process.processTicksAndRejections (node:internal/process/task_queues:95:5)
    at async respond (file:///var/www/html/cheong-in.com/build/server/index.js:3746:22)
    at async Array.ssr (file:///var/www/html/cheong-in.com/build/handler.js:1221:3) {
  code: 'ECONNREFUSED',
  errno: -111,
  sqlState: undefined
}
Error: connect ECONNREFUSED ::1:3306
    at Object.createConnection (/var/www/html/cheong-in.com/node_modules/mysql2/promise.js:253:31)
    at POST (file:///var/www/html/cheong-in.com/build/server/chunks/_server-d7c07602.js:10:26)
    at render_endpoint (file:///var/www/html/cheong-in.com/build/server/index.js:1496:26)
    at resolve (file:///var/www/html/cheong-in.com/build/server/index.js:3857:28)
    at process.processTicksAndRejections (node:internal/process/task_queues:95:5)
    at async respond (file:///var/www/html/cheong-in.com/build/server/index.js:3746:22)
    at async Array.ssr (file:///var/www/html/cheong-in.com/build/handler.js:1221:3) {
  code: 'ECONNREFUSED',
  errno: -111,
  sqlState: undefined
}
Error: connect ECONNREFUSED ::1:3306
    at Object.createConnection (/var/www/html/cheong-in.com/node_modules/mysql2/promise.js:253:31)
    at POST (file:///var/www/html/cheong-in.com/build/server/chunks/_server-d7c07602.js:10:26)
    at render_endpoint (file:///var/www/html/cheong-in.com/build/server/index.js:1496:26)
    at resolve (file:///var/www/html/cheong-in.com/build/server/index.js:3857:28)
    at process.processTicksAndRejections (node:internal/process/task_queues:95:5)
    at async respond (file:///var/www/html/cheong-in.com/build/server/index.js:3746:22)
    at async Array.ssr (file:///var/www/html/cheong-in.com/build/handler.js:1221:3) {
  code: 'ECONNREFUSED',
  errno: -111,
  sqlState: undefined
}
Error: connect ECONNREFUSED ::1:3306
    at Object.createConnection (/var/www/html/cheong-in.com/node_modules/mysql2/promise.js:253:31)
    at POST (file:///var/www/html/cheong-in.com/build/server/chunks/_server-d7c07602.js:10:26)
    at render_endpoint (file:///var/www/html/cheong-in.com/build/server/index.js:1496:26)
    at resolve (file:///var/www/html/cheong-in.com/build/server/index.js:3857:28)
    at process.processTicksAndRejections (node:internal/process/task_queues:95:5)
    at async respond (file:///var/www/html/cheong-in.com/build/server/index.js:3746:22)
    at async Array.ssr (file:///var/www/html/cheong-in.com/build/handler.js:1221:3) {
  code: 'ECONNREFUSED',
  errno: -111,
  sqlState: undefined
}
Error: connect ECONNREFUSED ::1:3306
    at Object.createConnection (/var/www/html/cheong-in.com/node_modules/mysql2/promise.js:253:31)
    at POST (file:///var/www/html/cheong-in.com/build/server/chunks/_server-d7c07602.js:10:26)
    at render_endpoint (file:///var/www/html/cheong-in.com/build/server/index.js:1496:26)
    at resolve (file:///var/www/html/cheong-in.com/build/server/index.js:3857:28)
    at process.processTicksAndRejections (node:internal/process/task_queues:95:5)
    at async respond (file:///var/www/html/cheong-in.com/build/server/index.js:3746:22)
    at async Array.ssr (file:///var/www/html/cheong-in.com/build/handler.js:1221:3) {
  code: 'ECONNREFUSED',
  errno: -111,
  sqlState: undefined
}
Error: connect ECONNREFUSED ::1:3306
    at Object.createConnection (/var/www/html/cheong-in.com/node_modules/mysql2/promise.js:253:31)
    at POST (file:///var/www/html/cheong-in.com/build/server/chunks/_server-d7c07602.js:10:26)
    at render_endpoint (file:///var/www/html/cheong-in.com/build/server/index.js:1496:26)
    at resolve (file:///var/www/html/cheong-in.com/build/server/index.js:3857:28)
    at process.processTicksAndRejections (node:internal/process/task_queues:95:5)
    at async respond (file:///var/www/html/cheong-in.com/build/server/index.js:3746:22)
    at async Array.ssr (file:///var/www/html/cheong-in.com/build/handler.js:1221:3) {
  code: 'ECONNREFUSED',
  errno: -111,
  sqlState: undefined
}
Error: connect ECONNREFUSED ::1:3306
    at Object.createConnection (/var/www/html/cheong-in.com/node_modules/mysql2/promise.js:253:31)
    at POST (file:///var/www/html/cheong-in.com/build/server/chunks/_server-d7c07602.js:10:26)
    at render_endpoint (file:///var/www/html/cheong-in.com/build/server/index.js:1496:26)
    at resolve (file:///var/www/html/cheong-in.com/build/server/index.js:3857:28)
    at process.processTicksAndRejections (node:internal/process/task_queues:95:5)
    at async respond (file:///var/www/html/cheong-in.com/build/server/index.js:3746:22)
    at async Array.ssr (file:///var/www/html/cheong-in.com/build/handler.js:1221:3) {
  code: 'ECONNREFUSED',
  errno: -111,
  sqlState: undefined
}
Error: connect ECONNREFUSED ::1:3306
    at Object.createConnection (/var/www/html/cheong-in.com/node_modules/mysql2/promise.js:253:31)
    at POST (file:///var/www/html/cheong-in.com/build/server/chunks/_server-d7c07602.js:10:26)
    at render_endpoint (file:///var/www/html/cheong-in.com/build/server/index.js:1496:26)
    at resolve (file:///var/www/html/cheong-in.com/build/server/index.js:3857:28)
    at process.processTicksAndRejections (node:internal/process/task_queues:95:5)
    at async respond (file:///var/www/html/cheong-in.com/build/server/index.js:3746:22)
    at async Array.ssr (file:///var/www/html/cheong-in.com/build/handler.js:1221:3) {
  code: 'ECONNREFUSED',
  errno: -111,
  sqlState: undefined
}
Listening on 0.0.0.0:3000
Error: Not found: /login
    at resolve (file:///Users/mac20201013_2/Desktop/server/www/cheong-in.com/build/server/index.js:3909:18)
    at resolve (file:///Users/mac20201013_2/Desktop/server/www/cheong-in.com/build/server/index.js:3748:34)
    at #options.hooks.handle (file:///Users/mac20201013_2/Desktop/server/www/cheong-in.com/build/server/index.js:3975:61)
    at respond (file:///Users/mac20201013_2/Desktop/server/www/cheong-in.com/build/server/index.js:3746:43)
Error: Not found: /login
    at resolve (file:///Users/mac20201013_2/Desktop/server/www/cheong-in.com/build/server/index.js:3909:18)
    at resolve (file:///Users/mac20201013_2/Desktop/server/www/cheong-in.com/build/server/index.js:3748:34)
    at #options.hooks.handle (file:///Users/mac20201013_2/Desktop/server/www/cheong-in.com/build/server/index.js:3975:61)
    at respond (file:///Users/mac20201013_2/Desktop/server/www/cheong-in.com/build/server/index.js:3746:43)
Error: Not found: /login
    at resolve (file:///Users/mac20201013_2/Desktop/server/www/cheong-in.com/build/server/index.js:3909:18)
    at resolve (file:///Users/mac20201013_2/Desktop/server/www/cheong-in.com/build/server/index.js:3748:34)
    at #options.hooks.handle (file:///Users/mac20201013_2/Desktop/server/www/cheong-in.com/build/server/index.js:3975:61)
    at respond (file:///Users/mac20201013_2/Desktop/server/www/cheong-in.com/build/server/index.js:3746:43)
Error: Not found: /login
    at resolve (file:///Users/mac20201013_2/Desktop/server/www/cheong-in.com/build/server/index.js:3909:18)
    at resolve (file:///Users/mac20201013_2/Desktop/server/www/cheong-in.com/build/server/index.js:3748:34)
    at #options.hooks.handle (file:///Users/mac20201013_2/Desktop/server/www/cheong-in.com/build/server/index.js:3975:61)
    at respond (file:///Users/mac20201013_2/Desktop/server/www/cheong-in.com/build/server/index.js:3746:43)
Error: Not found: /login
    at resolve (file:///Users/mac20201013_2/Desktop/server/www/cheong-in.com/build/server/index.js:3909:18)
    at resolve (file:///Users/mac20201013_2/Desktop/server/www/cheong-in.com/build/server/index.js:3748:34)
    at #options.hooks.handle (file:///Users/mac20201013_2/Desktop/server/www/cheong-in.com/build/server/index.js:3975:61)
    at respond (file:///Users/mac20201013_2/Desktop/server/www/cheong-in.com/build/server/index.js:3746:43)
Error: Not found: /login
    at resolve (file:///Users/mac20201013_2/Desktop/server/www/cheong-in.com/build/server/index.js:3909:18)
    at resolve (file:///Users/mac20201013_2/Desktop/server/www/cheong-in.com/build/server/index.js:3748:34)
    at #options.hooks.handle (file:///Users/mac20201013_2/Desktop/server/www/cheong-in.com/build/server/index.js:3975:61)
    at respond (file:///Users/mac20201013_2/Desktop/server/www/cheong-in.com/build/server/index.js:3746:43)
Error: Not found: /login
    at resolve (file:///Users/mac20201013_2/Desktop/server/www/cheong-in.com/build/server/index.js:3909:18)
    at resolve (file:///Users/mac20201013_2/Desktop/server/www/cheong-in.com/build/server/index.js:3748:34)
    at #options.hooks.handle (file:///Users/mac20201013_2/Desktop/server/www/cheong-in.com/build/server/index.js:3975:61)
    at respond (file:///Users/mac20201013_2/Desktop/server/www/cheong-in.com/build/server/index.js:3746:43)
Error: Not found: /login
    at resolve (file:///Users/mac20201013_2/Desktop/server/www/cheong-in.com/build/server/index.js:3909:18)
    at resolve (file:///Users/mac20201013_2/Desktop/server/www/cheong-in.com/build/server/index.js:3748:34)
    at #options.hooks.handle (file:///Users/mac20201013_2/Desktop/server/www/cheong-in.com/build/server/index.js:3975:61)
    at respond (file:///Users/mac20201013_2/Desktop/server/www/cheong-in.com/build/server/index.js:3746:43)
Error: Not found: /login
    at resolve (file:///Users/mac20201013_2/Desktop/server/www/cheong-in.com/build/server/index.js:3909:18)
    at resolve (file:///Users/mac20201013_2/Desktop/server/www/cheong-in.com/build/server/index.js:3748:34)
    at #options.hooks.handle (file:///Users/mac20201013_2/Desktop/server/www/cheong-in.com/build/server/index.js:3975:61)
    at respond (file:///Users/mac20201013_2/Desktop/server/www/cheong-in.com/build/server/index.js:3746:43)
Error: Not found: /login
    at resolve (file:///Users/mac20201013_2/Desktop/server/www/cheong-in.com/build/server/index.js:3909:18)
    at resolve (file:///Users/mac20201013_2/Desktop/server/www/cheong-in.com/build/server/index.js:3748:34)
    at #options.hooks.handle (file:///Users/mac20201013_2/Desktop/server/www/cheong-in.com/build/server/index.js:3975:61)
    at respond (file:///Users/mac20201013_2/Desktop/server/www/cheong-in.com/build/server/index.js:3746:43)
Error: Not found: /login
    at resolve (file:///Users/mac20201013_2/Desktop/server/www/cheong-in.com/build/server/index.js:3909:18)
    at resolve (file:///Users/mac20201013_2/Desktop/server/www/cheong-in.com/build/server/index.js:3748:34)
    at #options.hooks.handle (file:///Users/mac20201013_2/Desktop/server/www/cheong-in.com/build/server/index.js:3975:61)
    at respond (file:///Users/mac20201013_2/Desktop/server/www/cheong-in.com/build/server/index.js:3746:43)
Error: Not found: /login
    at resolve (file:///Users/mac20201013_2/Desktop/server/www/cheong-in.com/build/server/index.js:3909:18)
    at resolve (file:///Users/mac20201013_2/Desktop/server/www/cheong-in.com/build/server/index.js:3748:34)
    at #options.hooks.handle (file:///Users/mac20201013_2/Desktop/server/www/cheong-in.com/build/server/index.js:3975:61)
    at respond (file:///Users/mac20201013_2/Desktop/server/www/cheong-in.com/build/server/index.js:3746:43)
Error: Not found: /login
    at resolve (file:///Users/mac20201013_2/Desktop/server/www/cheong-in.com/build/server/index.js:3909:18)
    at resolve (file:///Users/mac20201013_2/Desktop/server/www/cheong-in.com/build/server/index.js:3748:34)
    at #options.hooks.handle (file:///Users/mac20201013_2/Desktop/server/www/cheong-in.com/build/server/index.js:3975:61)
    at respond (file:///Users/mac20201013_2/Desktop/server/www/cheong-in.com/build/server/index.js:3746:43)
Error: Not found: /login
    at resolve (file:///Users/mac20201013_2/Desktop/server/www/cheong-in.com/build/server/index.js:3909:18)
    at resolve (file:///Users/mac20201013_2/Desktop/server/www/cheong-in.com/build/server/index.js:3748:34)
    at #options.hooks.handle (file:///Users/mac20201013_2/Desktop/server/www/cheong-in.com/build/server/index.js:3975:61)
    at respond (file:///Users/mac20201013_2/Desktop/server/www/cheong-in.com/build/server/index.js:3746:43)
Error: Not found: /login
    at resolve (file:///Users/mac20201013_2/Desktop/server/www/cheong-in.com/build/server/index.js:3909:18)
    at resolve (file:///Users/mac20201013_2/Desktop/server/www/cheong-in.com/build/server/index.js:3748:34)
    at #options.hooks.handle (file:///Users/mac20201013_2/Desktop/server/www/cheong-in.com/build/server/index.js:3975:61)
    at respond (file:///Users/mac20201013_2/Desktop/server/www/cheong-in.com/build/server/index.js:3746:43)
Error: Not found: /login
    at resolve (file:///Users/mac20201013_2/Desktop/server/www/cheong-in.com/build/server/index.js:3909:18)
    at resolve (file:///Users/mac20201013_2/Desktop/server/www/cheong-in.com/build/server/index.js:3748:34)
    at #options.hooks.handle (file:///Users/mac20201013_2/Desktop/server/www/cheong-in.com/build/server/index.js:3975:61)
    at respond (file:///Users/mac20201013_2/Desktop/server/www/cheong-in.com/build/server/index.js:3746:43)
Error: Not found: /login
    at resolve (file:///Users/mac20201013_2/Desktop/server/www/cheong-in.com/build/server/index.js:3909:18)
    at resolve (file:///Users/mac20201013_2/Desktop/server/www/cheong-in.com/build/server/index.js:3748:34)
    at #options.hooks.handle (file:///Users/mac20201013_2/Desktop/server/www/cheong-in.com/build/server/index.js:3975:61)
    at respond (file:///Users/mac20201013_2/Desktop/server/www/cheong-in.com/build/server/index.js:3746:43)
Error: Not found: /login
    at resolve (file:///Users/mac20201013_2/Desktop/server/www/cheong-in.com/build/server/index.js:3909:18)
    at resolve (file:///Users/mac20201013_2/Desktop/server/www/cheong-in.com/build/server/index.js:3748:34)
    at #options.hooks.handle (file:///Users/mac20201013_2/Desktop/server/www/cheong-in.com/build/server/index.js:3975:61)
    at respond (file:///Users/mac20201013_2/Desktop/server/www/cheong-in.com/build/server/index.js:3746:43)
Error: Not found: /login
    at resolve (file:///Users/mac20201013_2/Desktop/server/www/cheong-in.com/build/server/index.js:3909:18)
    at resolve (file:///Users/mac20201013_2/Desktop/server/www/cheong-in.com/build/server/index.js:3748:34)
    at #options.hooks.handle (file:///Users/mac20201013_2/Desktop/server/www/cheong-in.com/build/server/index.js:3975:61)
    at respond (file:///Users/mac20201013_2/Desktop/server/www/cheong-in.com/build/server/index.js:3746:43)
Error: Not found: /login
    at resolve (file:///Users/mac20201013_2/Desktop/server/www/cheong-in.com/build/server/index.js:3909:18)
    at resolve (file:///Users/mac20201013_2/Desktop/server/www/cheong-in.com/build/server/index.js:3748:34)
    at #options.hooks.handle (file:///Users/mac20201013_2/Desktop/server/www/cheong-in.com/build/server/index.js:3975:61)
    at respond (file:///Users/mac20201013_2/Desktop/server/www/cheong-in.com/build/server/index.js:3746:43)
Error
    at Object.createConnection (/Users/mac20201013_2/Desktop/server/www/cheong-in.com/node_modules/mysql2/promise.js:253:31)
    at POST (file:///Users/mac20201013_2/Desktop/server/www/cheong-in.com/build/server/chunks/_server-d7c07602.js:10:26)
    at render_endpoint (file:///Users/mac20201013_2/Desktop/server/www/cheong-in.com/build/server/index.js:1496:26)
    at resolve (file:///Users/mac20201013_2/Desktop/server/www/cheong-in.com/build/server/index.js:3857:28)
    at async respond (file:///Users/mac20201013_2/Desktop/server/www/cheong-in.com/build/server/index.js:3746:22)
    at async Array.ssr (file:///Users/mac20201013_2/Desktop/server/www/cheong-in.com/build/handler.js:1221:3) {
  code: 'ECONNREFUSED',
  errno: undefined,
  sqlState: undefined
}
Listening on 0.0.0.0:3001
Listening on 0.0.0.0:3000
Listening on 0.0.0.0:3001
Listening on 0.0.0.0:3000
Listening on 0.0.0.0:3001
Listening on 0.0.0.0:3000
Listening on 0.0.0.0:3000
Error: Not found: /.well-known/acme-challenge/EtV3cOdCJXC2Bqq2o1yF9IKTCbIds7JnnZfJOZwESCw
    at resolve (file:///var/www/html/cheong-in.com/build/server/index.js:3909:18)
    at resolve (file:///var/www/html/cheong-in.com/build/server/index.js:3748:34)
    at #options.hooks.handle (file:///var/www/html/cheong-in.com/build/server/index.js:3975:61)
    at respond (file:///var/www/html/cheong-in.com/build/server/index.js:3746:43)
Error: Not found: /.well-known/acme-challenge/EtV3cOdCJXC2Bqq2o1yF9IKTCbIds7JnnZfJOZwESCw
    at resolve (file:///var/www/html/cheong-in.com/build/server/index.js:3909:18)
    at resolve (file:///var/www/html/cheong-in.com/build/server/index.js:3748:34)
    at #options.hooks.handle (file:///var/www/html/cheong-in.com/build/server/index.js:3975:61)
    at respond (file:///var/www/html/cheong-in.com/build/server/index.js:3746:43)
Error: Not found: /.well-known/acme-challenge/EtV3cOdCJXC2Bqq2o1yF9IKTCbIds7JnnZfJOZwESCw
    at resolve (file:///var/www/html/cheong-in.com/build/server/index.js:3909:18)
    at resolve (file:///var/www/html/cheong-in.com/build/server/index.js:3748:34)
    at #options.hooks.handle (file:///var/www/html/cheong-in.com/build/server/index.js:3975:61)
    at respond (file:///var/www/html/cheong-in.com/build/server/index.js:3746:43)
Error: Not found: /.well-known/acme-challenge/EtV3cOdCJXC2Bqq2o1yF9IKTCbIds7JnnZfJOZwESCw
    at resolve (file:///var/www/html/cheong-in.com/build/server/index.js:3909:18)
    at resolve (file:///var/www/html/cheong-in.com/build/server/index.js:3748:34)
    at #options.hooks.handle (file:///var/www/html/cheong-in.com/build/server/index.js:3975:61)
    at respond (file:///var/www/html/cheong-in.com/build/server/index.js:3746:43)
Listening on 0.0.0.0:3000
Error: Not found: /boaform/admin/formLogin
    at resolve (file:///var/www/html/cheong-in.com/build/server/index.js:3909:18)
    at resolve (file:///var/www/html/cheong-in.com/build/server/index.js:3748:34)
    at #options.hooks.handle (file:///var/www/html/cheong-in.com/build/server/index.js:3975:61)
    at respond (file:///var/www/html/cheong-in.com/build/server/index.js:3746:43)
Listening on 0.0.0.0:3000
Error: getaddrinfo ENOTFOUND mariadb
    at Object.createConnection (/var/www/html/cheong-in.com/node_modules/mysql2/promise.js:253:31)
    at POST (file:///var/www/html/cheong-in.com/build/server/chunks/_server-fd82a798.js:10:26)
    at render_endpoint (file:///var/www/html/cheong-in.com/build/server/index.js:1496:26)
    at resolve (file:///var/www/html/cheong-in.com/build/server/index.js:3857:28)
    at async respond (file:///var/www/html/cheong-in.com/build/server/index.js:3746:22)
    at async Array.ssr (file:///var/www/html/cheong-in.com/build/handler.js:1221:3) {
  code: 'ENOTFOUND',
  errno: -3008,
  sqlState: undefined
}
Error: getaddrinfo ENOTFOUND mariadb
    at Object.createConnection (/var/www/html/cheong-in.com/node_modules/mysql2/promise.js:253:31)
    at POST (file:///var/www/html/cheong-in.com/build/server/chunks/_server-fd82a798.js:10:26)
    at render_endpoint (file:///var/www/html/cheong-in.com/build/server/index.js:1496:26)
    at resolve (file:///var/www/html/cheong-in.com/build/server/index.js:3857:28)
    at process.processTicksAndRejections (node:internal/process/task_queues:95:5)
    at async respond (file:///var/www/html/cheong-in.com/build/server/index.js:3746:22)
    at async Array.ssr (file:///var/www/html/cheong-in.com/build/handler.js:1221:3) {
  code: 'ENOTFOUND',
  errno: -3008,
  sqlState: undefined
}
Listening on 0.0.0.0:3000
Error: connect ECONNREFUSED ::1:3306
    at Object.createConnection (/var/www/html/cheong-in.com/node_modules/mysql2/promise.js:253:31)
    at POST (file:///var/www/html/cheong-in.com/build/server/chunks/_server-d7c07602.js:10:26)
    at render_endpoint (file:///var/www/html/cheong-in.com/build/server/index.js:1496:26)
    at resolve (file:///var/www/html/cheong-in.com/build/server/index.js:3857:28)
    at async respond (file:///var/www/html/cheong-in.com/build/server/index.js:3746:22)
    at async Array.ssr (file:///var/www/html/cheong-in.com/build/handler.js:1221:3) {
  code: 'ECONNREFUSED',
  errno: -111,
  sqlState: undefined
}
Error: connect ECONNREFUSED ::1:3306
    at Object.createConnection (/var/www/html/cheong-in.com/node_modules/mysql2/promise.js:253:31)
    at POST (file:///var/www/html/cheong-in.com/build/server/chunks/_server-d7c07602.js:10:26)
    at render_endpoint (file:///var/www/html/cheong-in.com/build/server/index.js:1496:26)
    at resolve (file:///var/www/html/cheong-in.com/build/server/index.js:3857:28)
    at process.processTicksAndRejections (node:internal/process/task_queues:95:5)
    at async respond (file:///var/www/html/cheong-in.com/build/server/index.js:3746:22)
    at async Array.ssr (file:///var/www/html/cheong-in.com/build/handler.js:1221:3) {
  code: 'ECONNREFUSED',
  errno: -111,
  sqlState: undefined
}
Error: connect ECONNREFUSED ::1:3306
    at Object.createConnection (/var/www/html/cheong-in.com/node_modules/mysql2/promise.js:253:31)
    at POST (file:///var/www/html/cheong-in.com/build/server/chunks/_server-d7c07602.js:10:26)
    at render_endpoint (file:///var/www/html/cheong-in.com/build/server/index.js:1496:26)
    at resolve (file:///var/www/html/cheong-in.com/build/server/index.js:3857:28)
    at process.processTicksAndRejections (node:internal/process/task_queues:95:5)
    at async respond (file:///var/www/html/cheong-in.com/build/server/index.js:3746:22)
    at async Array.ssr (file:///var/www/html/cheong-in.com/build/handler.js:1221:3) {
  code: 'ECONNREFUSED',
  errno: -111,
  sqlState: undefined
}
Error: connect ECONNREFUSED ::1:3306
    at Object.createConnection (/var/www/html/cheong-in.com/node_modules/mysql2/promise.js:253:31)
    at POST (file:///var/www/html/cheong-in.com/build/server/chunks/_server-d7c07602.js:10:26)
    at render_endpoint (file:///var/www/html/cheong-in.com/build/server/index.js:1496:26)
    at resolve (file:///var/www/html/cheong-in.com/build/server/index.js:3857:28)
    at process.processTicksAndRejections (node:internal/process/task_queues:95:5)
    at async respond (file:///var/www/html/cheong-in.com/build/server/index.js:3746:22)
    at async Array.ssr (file:///var/www/html/cheong-in.com/build/handler.js:1221:3) {
  code: 'ECONNREFUSED',
  errno: -111,
  sqlState: undefined
}
Listening on 0.0.0.0:3000
Error: connect ECONNREFUSED 172.23.0.2:3306
    at Object.createConnection (/var/www/html/cheong-in.com/node_modules/mysql2/promise.js:253:31)
    at POST (file:///var/www/html/cheong-in.com/build/server/chunks/_server-7f35ada5.js:10:26)
    at render_endpoint (file:///var/www/html/cheong-in.com/build/server/index.js:1496:26)
    at resolve (file:///var/www/html/cheong-in.com/build/server/index.js:3857:28)
    at async respond (file:///var/www/html/cheong-in.com/build/server/index.js:3746:22)
    at async Array.ssr (file:///var/www/html/cheong-in.com/build/handler.js:1221:3) {
  code: 'ECONNREFUSED',
  errno: -111,
  sqlState: undefined
}
Error: connect ECONNREFUSED 172.23.0.2:3306
    at Object.createConnection (/var/www/html/cheong-in.com/node_modules/mysql2/promise.js:253:31)
    at POST (file:///var/www/html/cheong-in.com/build/server/chunks/_server-7f35ada5.js:10:26)
    at render_endpoint (file:///var/www/html/cheong-in.com/build/server/index.js:1496:26)
    at resolve (file:///var/www/html/cheong-in.com/build/server/index.js:3857:28)
    at process.processTicksAndRejections (node:internal/process/task_queues:95:5)
    at async respond (file:///var/www/html/cheong-in.com/build/server/index.js:3746:22)
    at async Array.ssr (file:///var/www/html/cheong-in.com/build/handler.js:1221:3) {
  code: 'ECONNREFUSED',
  errno: -111,
  sqlState: undefined
}
Listening on 0.0.0.0:3000
Listening on 0.0.0.0:3000
Listening on 0.0.0.0:3000
